{"/home/galiprandi/Github/react-tools/lib/components/DateTime/index.tsx": {"path":"/home/galiprandi/Github/react-tools/lib/components/DateTime/index.tsx","statementMap":{"0":{"start":{"line":32,"column":24},"end":{"line":54,"column":null}},"1":{"start":{"line":33,"column":57},"end":{"line":33,"column":null}},"2":{"start":{"line":35,"column":8},"end":{"line":35,"column":null}},"3":{"start":{"line":37,"column":4},"end":{"line":40,"column":null}},"4":{"start":{"line":38,"column":8},"end":{"line":38,"column":null}},"5":{"start":{"line":38,"column":47},"end":{"line":38,"column":null}},"6":{"start":{"line":39,"column":8},"end":{"line":39,"column":null}},"7":{"start":{"line":42,"column":4},"end":{"line":52,"column":null}},"8":{"start":{"line":48,"column":16},"end":{"line":50,"column":null}}},"fnMap":{"0":{"name":"(anonymous_0)","decl":{"start":{"line":32,"column":24},"end":{"line":32,"column":25}},"loc":{"start":{"line":32,"column":63},"end":{"line":54,"column":null}}},"1":{"name":"(anonymous_1)","decl":{"start":{"line":37,"column":14},"end":{"line":37,"column":20}},"loc":{"start":{"line":37,"column":20},"end":{"line":40,"column":7}}},"2":{"name":"(anonymous_2)","decl":{"start":{"line":47,"column":27},"end":{"line":47,"column":28}},"loc":{"start":{"line":48,"column":16},"end":{"line":50,"column":null}}}},"branchMap":{"0":{"loc":{"start":{"line":38,"column":8},"end":{"line":38,"column":null}},"type":"if","locations":[{"start":{"line":38,"column":8},"end":{"line":38,"column":null}},{"start":{"line":38,"column":8},"end":{"line":38,"column":null}}]},"1":{"loc":{"start":{"line":38,"column":12},"end":{"line":38,"column":47}},"type":"binary-expr","locations":[{"start":{"line":38,"column":12},"end":{"line":38,"column":28}},{"start":{"line":38,"column":28},"end":{"line":38,"column":47}}]},"2":{"loc":{"start":{"line":46,"column":19},"end":{"line":46,"column":null}},"type":"cond-expr","locations":[{"start":{"line":46,"column":33},"end":{"line":46,"column":66}},{"start":{"line":46,"column":66},"end":{"line":46,"column":null}}]},"3":{"loc":{"start":{"line":48,"column":16},"end":{"line":50,"column":null}},"type":"cond-expr","locations":[{"start":{"line":49,"column":22},"end":{"line":49,"column":null}},{"start":{"line":50,"column":22},"end":{"line":50,"column":null}}]}},"s":{"0":1,"1":0,"2":0,"3":0,"4":0,"5":0,"6":0,"7":0,"8":0},"f":{"0":0,"1":0,"2":0},"b":{"0":[0,0],"1":[0,0],"2":[0,0],"3":[0,0]}}
,"/home/galiprandi/Github/react-tools/lib/components/Dialog/index.tsx": {"path":"/home/galiprandi/Github/react-tools/lib/components/Dialog/index.tsx","statementMap":{"0":{"start":{"line":35,"column":22},"end":{"line":68,"column":null}},"1":{"start":{"line":43,"column":8},"end":{"line":43,"column":null}},"2":{"start":{"line":44,"column":19},"end":{"line":44,"column":null}},"3":{"start":{"line":45,"column":28},"end":{"line":45,"column":null}},"4":{"start":{"line":47,"column":4},"end":{"line":58,"column":null}},"5":{"start":{"line":48,"column":8},"end":{"line":48,"column":null}},"6":{"start":{"line":48,"column":29},"end":{"line":48,"column":null}},"7":{"start":{"line":49,"column":8},"end":{"line":57,"column":null}},"8":{"start":{"line":50,"column":12},"end":{"line":52,"column":null}},"9":{"start":{"line":53,"column":12},"end":{"line":53,"column":null}},"10":{"start":{"line":55,"column":12},"end":{"line":55,"column":null}},"11":{"start":{"line":56,"column":12},"end":{"line":56,"column":null}},"12":{"start":{"line":60,"column":25},"end":{"line":60,"column":null}},"13":{"start":{"line":60,"column":31},"end":{"line":60,"column":null}},"14":{"start":{"line":60,"column":49},"end":{"line":60,"column":54}},"15":{"start":{"line":62,"column":4},"end":{"line":66,"column":null}}},"fnMap":{"0":{"name":"(anonymous_0)","decl":{"start":{"line":35,"column":22},"end":{"line":35,"column":23}},"loc":{"start":{"line":35,"column":59},"end":{"line":68,"column":null}}},"1":{"name":"(anonymous_1)","decl":{"start":{"line":47,"column":14},"end":{"line":47,"column":20}},"loc":{"start":{"line":47,"column":20},"end":{"line":58,"column":7}}},"2":{"name":"(anonymous_2)","decl":{"start":{"line":60,"column":25},"end":{"line":60,"column":31}},"loc":{"start":{"line":60,"column":31},"end":{"line":60,"column":null}}},"3":{"name":"(anonymous_3)","decl":{"start":{"line":60,"column":39},"end":{"line":60,"column":40}},"loc":{"start":{"line":60,"column":49},"end":{"line":60,"column":54}}}},"branchMap":{"0":{"loc":{"start":{"line":37,"column":8},"end":{"line":37,"column":null}},"type":"default-arg","locations":[{"start":{"line":37,"column":17},"end":{"line":37,"column":null}}]},"1":{"loc":{"start":{"line":38,"column":8},"end":{"line":38,"column":null}},"type":"default-arg","locations":[{"start":{"line":38,"column":19},"end":{"line":38,"column":null}}]},"2":{"loc":{"start":{"line":48,"column":8},"end":{"line":48,"column":null}},"type":"if","locations":[{"start":{"line":48,"column":8},"end":{"line":48,"column":null}},{"start":{"line":48,"column":8},"end":{"line":48,"column":null}}]},"3":{"loc":{"start":{"line":49,"column":8},"end":{"line":57,"column":null}},"type":"if","locations":[{"start":{"line":49,"column":8},"end":{"line":57,"column":null}},{"start":{"line":54,"column":15},"end":{"line":57,"column":null}}]},"4":{"loc":{"start":{"line":50,"column":12},"end":{"line":52,"column":null}},"type":"cond-expr","locations":[{"start":{"line":51,"column":18},"end":{"line":51,"column":null}},{"start":{"line":52,"column":18},"end":{"line":52,"column":null}}]},"5":{"loc":{"start":{"line":64,"column":13},"end":{"line":64,"column":null}},"type":"binary-expr","locations":[{"start":{"line":64,"column":13},"end":{"line":64,"column":23}},{"start":{"line":64,"column":23},"end":{"line":64,"column":null}}]}},"s":{"0":1,"1":0,"2":0,"3":0,"4":0,"5":0,"6":0,"7":0,"8":0,"9":0,"10":0,"11":0,"12":0,"13":0,"14":0,"15":0},"f":{"0":0,"1":0,"2":0,"3":0},"b":{"0":[0],"1":[0],"2":[0,0],"3":[0,0],"4":[0,0],"5":[0,0]}}
,"/home/galiprandi/Github/react-tools/lib/components/Form/index.tsx": {"path":"/home/galiprandi/Github/react-tools/lib/components/Form/index.tsx","statementMap":{"0":{"start":{"line":34,"column":20},"end":{"line":58,"column":null}},"1":{"start":{"line":35,"column":64},"end":{"line":35,"column":null}},"2":{"start":{"line":42,"column":21},"end":{"line":56,"column":null}},"3":{"start":{"line":43,"column":8},"end":{"line":43,"column":null}},"4":{"start":{"line":44,"column":8},"end":{"line":54,"column":null}},"5":{"start":{"line":45,"column":29},"end":{"line":45,"column":null}},"6":{"start":{"line":46,"column":28},"end":{"line":46,"column":null}},"7":{"start":{"line":47,"column":25},"end":{"line":47,"column":null}},"8":{"start":{"line":48,"column":12},"end":{"line":51,"column":null}},"9":{"start":{"line":49,"column":16},"end":{"line":49,"column":null}},"10":{"start":{"line":49,"column":49},"end":{"line":49,"column":null}},"11":{"start":{"line":50,"column":16},"end":{"line":50,"column":null}},"12":{"start":{"line":53,"column":12},"end":{"line":53,"column":null}},"13":{"start":{"line":55,"column":8},"end":{"line":55,"column":null}},"14":{"start":{"line":57,"column":4},"end":{"line":57,"column":null}}},"fnMap":{"0":{"name":"(anonymous_0)","decl":{"start":{"line":34,"column":20},"end":{"line":34,"column":25}},"loc":{"start":{"line":34,"column":62},"end":{"line":58,"column":null}}},"1":{"name":"(anonymous_1)","decl":{"start":{"line":42,"column":21},"end":{"line":42,"column":22}},"loc":{"start":{"line":42,"column":66},"end":{"line":56,"column":null}}}},"branchMap":{"0":{"loc":{"start":{"line":44,"column":8},"end":{"line":54,"column":null}},"type":"if","locations":[{"start":{"line":44,"column":8},"end":{"line":54,"column":null}},{"start":{"line":44,"column":8},"end":{"line":54,"column":null}}]},"1":{"loc":{"start":{"line":49,"column":16},"end":{"line":49,"column":null}},"type":"if","locations":[{"start":{"line":49,"column":16},"end":{"line":49,"column":null}},{"start":{"line":49,"column":16},"end":{"line":49,"column":null}}]},"2":{"loc":{"start":{"line":49,"column":20},"end":{"line":49,"column":49}},"type":"binary-expr","locations":[{"start":{"line":49,"column":20},"end":{"line":49,"column":41}},{"start":{"line":49,"column":41},"end":{"line":49,"column":49}}]},"3":{"loc":{"start":{"line":55,"column":8},"end":{"line":55,"column":null}},"type":"binary-expr","locations":[{"start":{"line":55,"column":8},"end":{"line":55,"column":26}},{"start":{"line":55,"column":26},"end":{"line":55,"column":null}}]}},"s":{"0":2,"1":4,"2":4,"3":2,"4":2,"5":2,"6":2,"7":2,"8":2,"9":3,"10":0,"11":3,"12":2,"13":2,"14":4},"f":{"0":4,"1":2},"b":{"0":[2,0],"1":[0,3],"2":[3,1],"3":[2,0]}}
,"/home/galiprandi/Github/react-tools/lib/components/Input/index.tsx": {"path":"/home/galiprandi/Github/react-tools/lib/components/Input/index.tsx","statementMap":{"0":{"start":{"line":47,"column":8},"end":{"line":47,"column":null}},"1":{"start":{"line":48,"column":30},"end":{"line":48,"column":null}},"2":{"start":{"line":49,"column":26},"end":{"line":49,"column":null}},"3":{"start":{"line":52,"column":16},"end":{"line":52,"column":null}},"4":{"start":{"line":55,"column":4},"end":{"line":57,"column":null}},"5":{"start":{"line":56,"column":8},"end":{"line":56,"column":null}},"6":{"start":{"line":56,"column":30},"end":{"line":56,"column":null}},"7":{"start":{"line":60,"column":4},"end":{"line":62,"column":null}},"8":{"start":{"line":61,"column":8},"end":{"line":61,"column":null}},"9":{"start":{"line":61,"column":27},"end":{"line":61,"column":null}},"10":{"start":{"line":65,"column":27},"end":{"line":71,"column":null}},"11":{"start":{"line":66,"column":25},"end":{"line":66,"column":null}},"12":{"start":{"line":67,"column":8},"end":{"line":67,"column":null}},"13":{"start":{"line":67,"column":23},"end":{"line":67,"column":null}},"14":{"start":{"line":68,"column":8},"end":{"line":68,"column":null}},"15":{"start":{"line":68,"column":25},"end":{"line":68,"column":null}},"16":{"start":{"line":69,"column":8},"end":{"line":69,"column":null}},"17":{"start":{"line":69,"column":28},"end":{"line":69,"column":null}},"18":{"start":{"line":70,"column":8},"end":{"line":70,"column":null}},"19":{"start":{"line":73,"column":4},"end":{"line":89,"column":null}},"20":{"start":{"line":85,"column":24},"end":{"line":85,"column":null}},"21":{"start":{"line":93,"column":25},"end":{"line":108,"column":null}},"22":{"start":{"line":102,"column":4},"end":{"line":108,"column":null}}},"fnMap":{"0":{"name":"Input","decl":{"start":{"line":36,"column":16},"end":{"line":36,"column":22}},"loc":{"start":{"line":36,"column":54},"end":{"line":91,"column":null}}},"1":{"name":"(anonymous_1)","decl":{"start":{"line":55,"column":14},"end":{"line":55,"column":20}},"loc":{"start":{"line":55,"column":20},"end":{"line":57,"column":7}}},"2":{"name":"(anonymous_2)","decl":{"start":{"line":60,"column":14},"end":{"line":60,"column":20}},"loc":{"start":{"line":60,"column":20},"end":{"line":62,"column":7}}},"3":{"name":"(anonymous_3)","decl":{"start":{"line":65,"column":27},"end":{"line":65,"column":28}},"loc":{"start":{"line":65,"column":75},"end":{"line":71,"column":null}}},"4":{"name":"(anonymous_4)","decl":{"start":{"line":84,"column":34},"end":{"line":84,"column":35}},"loc":{"start":{"line":85,"column":24},"end":{"line":85,"column":null}}},"5":{"name":"(anonymous_5)","decl":{"start":{"line":93,"column":25},"end":{"line":93,"column":26}},"loc":{"start":{"line":102,"column":4},"end":{"line":108,"column":null}}}},"branchMap":{"0":{"loc":{"start":{"line":42,"column":8},"end":{"line":42,"column":null}},"type":"default-arg","locations":[{"start":{"line":42,"column":24},"end":{"line":42,"column":null}}]},"1":{"loc":{"start":{"line":48,"column":39},"end":{"line":48,"column":56}},"type":"binary-expr","locations":[{"start":{"line":48,"column":39},"end":{"line":48,"column":54}},{"start":{"line":48,"column":54},"end":{"line":48,"column":56}}]},"2":{"loc":{"start":{"line":52,"column":19},"end":{"line":52,"column":38}},"type":"binary-expr","locations":[{"start":{"line":52,"column":19},"end":{"line":52,"column":31}},{"start":{"line":52,"column":31},"end":{"line":52,"column":38}}]},"3":{"loc":{"start":{"line":56,"column":8},"end":{"line":56,"column":null}},"type":"if","locations":[{"start":{"line":56,"column":8},"end":{"line":56,"column":null}},{"start":{"line":56,"column":8},"end":{"line":56,"column":null}}]},"4":{"loc":{"start":{"line":61,"column":8},"end":{"line":61,"column":null}},"type":"if","locations":[{"start":{"line":61,"column":8},"end":{"line":61,"column":null}},{"start":{"line":61,"column":8},"end":{"line":61,"column":null}}]},"5":{"loc":{"start":{"line":67,"column":8},"end":{"line":67,"column":null}},"type":"if","locations":[{"start":{"line":67,"column":8},"end":{"line":67,"column":null}},{"start":{"line":67,"column":8},"end":{"line":67,"column":null}}]},"6":{"loc":{"start":{"line":68,"column":8},"end":{"line":68,"column":null}},"type":"if","locations":[{"start":{"line":68,"column":8},"end":{"line":68,"column":null}},{"start":{"line":68,"column":8},"end":{"line":68,"column":null}}]},"7":{"loc":{"start":{"line":69,"column":8},"end":{"line":69,"column":null}},"type":"if","locations":[{"start":{"line":69,"column":8},"end":{"line":69,"column":null}},{"start":{"line":69,"column":8},"end":{"line":69,"column":null}}]},"8":{"loc":{"start":{"line":82,"column":13},"end":{"line":87,"column":null}},"type":"binary-expr","locations":[{"start":{"line":82,"column":13},"end":{"line":82,"column":null}},{"start":{"line":83,"column":16},"end":{"line":87,"column":null}}]},"9":{"loc":{"start":{"line":102,"column":4},"end":{"line":108,"column":null}},"type":"cond-expr","locations":[{"start":{"line":103,"column":8},"end":{"line":106,"column":null}},{"start":{"line":108,"column":8},"end":{"line":108,"column":null}}]}},"s":{"0":0,"1":0,"2":0,"3":0,"4":0,"5":0,"6":0,"7":0,"8":0,"9":0,"10":0,"11":0,"12":0,"13":0,"14":0,"15":0,"16":0,"17":0,"18":0,"19":0,"20":0,"21":1,"22":0},"f":{"0":0,"1":0,"2":0,"3":0,"4":0,"5":0},"b":{"0":[0],"1":[0,0],"2":[0,0],"3":[0,0],"4":[0,0],"5":[0,0],"6":[0,0],"7":[0,0],"8":[0,0],"9":[0,0]}}
,"/home/galiprandi/Github/react-tools/lib/components/Observer/index.tsx": {"path":"/home/galiprandi/Github/react-tools/lib/components/Observer/index.tsx","statementMap":{"0":{"start":{"line":35,"column":24},"end":{"line":60,"column":null}},"1":{"start":{"line":42,"column":8},"end":{"line":42,"column":null}},"2":{"start":{"line":43,"column":16},"end":{"line":43,"column":null}},"3":{"start":{"line":45,"column":29},"end":{"line":48,"column":null}},"4":{"start":{"line":46,"column":8},"end":{"line":46,"column":null}},"5":{"start":{"line":46,"column":46},"end":{"line":46,"column":null}},"6":{"start":{"line":47,"column":8},"end":{"line":47,"column":null}},"7":{"start":{"line":47,"column":50},"end":{"line":47,"column":null}},"8":{"start":{"line":50,"column":4},"end":{"line":57,"column":null}},"9":{"start":{"line":51,"column":25},"end":{"line":51,"column":null}},"10":{"start":{"line":52,"column":8},"end":{"line":52,"column":null}},"11":{"start":{"line":52,"column":25},"end":{"line":52,"column":null}},"12":{"start":{"line":54,"column":8},"end":{"line":56,"column":null}},"13":{"start":{"line":55,"column":12},"end":{"line":55,"column":null}},"14":{"start":{"line":55,"column":29},"end":{"line":55,"column":null}},"15":{"start":{"line":59,"column":4},"end":{"line":59,"column":null}}},"fnMap":{"0":{"name":"(anonymous_0)","decl":{"start":{"line":35,"column":24},"end":{"line":35,"column":25}},"loc":{"start":{"line":35,"column":66},"end":{"line":60,"column":null}}},"1":{"name":"(anonymous_1)","decl":{"start":{"line":45,"column":29},"end":{"line":45,"column":30}},"loc":{"start":{"line":45,"column":71},"end":{"line":48,"column":null}}},"2":{"name":"(anonymous_2)","decl":{"start":{"line":50,"column":14},"end":{"line":50,"column":20}},"loc":{"start":{"line":50,"column":20},"end":{"line":57,"column":7}}},"3":{"name":"(anonymous_3)","decl":{"start":{"line":54,"column":15},"end":{"line":54,"column":21}},"loc":{"start":{"line":54,"column":21},"end":{"line":56,"column":null}}}},"branchMap":{"0":{"loc":{"start":{"line":37,"column":8},"end":{"line":37,"column":null}},"type":"default-arg","locations":[{"start":{"line":37,"column":18},"end":{"line":37,"column":null}}]},"1":{"loc":{"start":{"line":46,"column":8},"end":{"line":46,"column":null}},"type":"if","locations":[{"start":{"line":46,"column":8},"end":{"line":46,"column":null}},{"start":{"line":46,"column":8},"end":{"line":46,"column":null}}]},"2":{"loc":{"start":{"line":46,"column":12},"end":{"line":46,"column":46}},"type":"binary-expr","locations":[{"start":{"line":46,"column":12},"end":{"line":46,"column":36}},{"start":{"line":46,"column":36},"end":{"line":46,"column":46}}]},"3":{"loc":{"start":{"line":47,"column":8},"end":{"line":47,"column":null}},"type":"if","locations":[{"start":{"line":47,"column":8},"end":{"line":47,"column":null}},{"start":{"line":47,"column":8},"end":{"line":47,"column":null}}]},"4":{"loc":{"start":{"line":47,"column":12},"end":{"line":47,"column":50}},"type":"binary-expr","locations":[{"start":{"line":47,"column":12},"end":{"line":47,"column":37}},{"start":{"line":47,"column":37},"end":{"line":47,"column":50}}]},"5":{"loc":{"start":{"line":52,"column":8},"end":{"line":52,"column":null}},"type":"if","locations":[{"start":{"line":52,"column":8},"end":{"line":52,"column":null}},{"start":{"line":52,"column":8},"end":{"line":52,"column":null}}]},"6":{"loc":{"start":{"line":55,"column":12},"end":{"line":55,"column":null}},"type":"if","locations":[{"start":{"line":55,"column":12},"end":{"line":55,"column":null}},{"start":{"line":55,"column":12},"end":{"line":55,"column":null}}]}},"s":{"0":1,"1":0,"2":0,"3":0,"4":0,"5":0,"6":0,"7":0,"8":0,"9":0,"10":0,"11":0,"12":0,"13":0,"14":0,"15":0},"f":{"0":0,"1":0,"2":0,"3":0},"b":{"0":[0],"1":[0,0],"2":[0,0],"3":[0,0],"4":[0,0],"5":[0,0],"6":[0,0]}}
,"/home/galiprandi/Github/react-tools/lib/hooks/useDebounce.ts": {"path":"/home/galiprandi/Github/react-tools/lib/hooks/useDebounce.ts","statementMap":{"0":{"start":{"line":34,"column":48},"end":{"line":34,"column":null}},"1":{"start":{"line":36,"column":4},"end":{"line":46,"column":null}},"2":{"start":{"line":37,"column":8},"end":{"line":37,"column":null}},"3":{"start":{"line":37,"column":20},"end":{"line":37,"column":null}},"4":{"start":{"line":39,"column":24},"end":{"line":41,"column":null}},"5":{"start":{"line":40,"column":12},"end":{"line":40,"column":null}},"6":{"start":{"line":43,"column":8},"end":{"line":45,"column":null}},"7":{"start":{"line":44,"column":12},"end":{"line":44,"column":null}},"8":{"start":{"line":48,"column":4},"end":{"line":48,"column":null}}},"fnMap":{"0":{"name":"useDebounce","decl":{"start":{"line":33,"column":16},"end":{"line":33,"column":31}},"loc":{"start":{"line":33,"column":59},"end":{"line":49,"column":null}}},"1":{"name":"(anonymous_1)","decl":{"start":{"line":36,"column":14},"end":{"line":36,"column":20}},"loc":{"start":{"line":36,"column":20},"end":{"line":46,"column":7}}},"2":{"name":"(anonymous_2)","decl":{"start":{"line":39,"column":35},"end":{"line":39,"column":41}},"loc":{"start":{"line":39,"column":41},"end":{"line":41,"column":11}}},"3":{"name":"(anonymous_3)","decl":{"start":{"line":43,"column":15},"end":{"line":43,"column":21}},"loc":{"start":{"line":43,"column":21},"end":{"line":45,"column":null}}}},"branchMap":{"0":{"loc":{"start":{"line":37,"column":8},"end":{"line":37,"column":null}},"type":"if","locations":[{"start":{"line":37,"column":8},"end":{"line":37,"column":null}},{"start":{"line":37,"column":8},"end":{"line":37,"column":null}}]}},"s":{"0":0,"1":0,"2":0,"3":0,"4":0,"5":0,"6":0,"7":0,"8":0},"f":{"0":0,"1":0,"2":0,"3":0},"b":{"0":[0,0]}}
,"/home/galiprandi/Github/react-tools/lib/utilities/dates.ts": {"path":"/home/galiprandi/Github/react-tools/lib/utilities/dates.ts","statementMap":{"0":{"start":{"line":18,"column":33},"end":{"line":26,"column":null}},"1":{"start":{"line":21,"column":4},"end":{"line":21,"column":null}},"2":{"start":{"line":21,"column":43},"end":{"line":21,"column":null}},"3":{"start":{"line":22,"column":14},"end":{"line":22,"column":null}},"4":{"start":{"line":23,"column":4},"end":{"line":23,"column":null}},"5":{"start":{"line":23,"column":46},"end":{"line":23,"column":null}},"6":{"start":{"line":24,"column":18},"end":{"line":24,"column":null}},"7":{"start":{"line":25,"column":4},"end":{"line":25,"column":null}}},"fnMap":{"0":{"name":"(anonymous_0)","decl":{"start":{"line":18,"column":33},"end":{"line":18,"column":null}},"loc":{"start":{"line":20,"column":25},"end":{"line":26,"column":null}}}},"branchMap":{"0":{"loc":{"start":{"line":21,"column":4},"end":{"line":21,"column":null}},"type":"if","locations":[{"start":{"line":21,"column":4},"end":{"line":21,"column":null}},{"start":{"line":21,"column":4},"end":{"line":21,"column":null}}]},"1":{"loc":{"start":{"line":21,"column":8},"end":{"line":21,"column":43}},"type":"binary-expr","locations":[{"start":{"line":21,"column":8},"end":{"line":21,"column":17}},{"start":{"line":21,"column":17},"end":{"line":21,"column":43}}]},"2":{"loc":{"start":{"line":23,"column":4},"end":{"line":23,"column":null}},"type":"if","locations":[{"start":{"line":23,"column":4},"end":{"line":23,"column":null}},{"start":{"line":23,"column":4},"end":{"line":23,"column":null}}]},"3":{"loc":{"start":{"line":23,"column":8},"end":{"line":23,"column":46}},"type":"binary-expr","locations":[{"start":{"line":23,"column":8},"end":{"line":23,"column":29}},{"start":{"line":23,"column":29},"end":{"line":23,"column":46}}]}},"s":{"0":2,"1":8,"2":4,"3":4,"4":4,"5":1,"6":3,"7":3},"f":{"0":8},"b":{"0":[4,4],"1":[8,5],"2":[1,3],"3":[4,4]}}
,"/home/galiprandi/Github/react-tools/lib/utilities/strings.ts": {"path":"/home/galiprandi/Github/react-tools/lib/utilities/strings.ts","statementMap":{"0":{"start":{"line":1,"column":31},"end":{"line":36,"column":null}},"1":{"start":{"line":14,"column":2},"end":{"line":35,"column":null}},"2":{"start":{"line":16,"column":6},"end":{"line":16,"column":null}},"3":{"start":{"line":18,"column":6},"end":{"line":18,"column":null}},"4":{"start":{"line":20,"column":6},"end":{"line":20,"column":null}},"5":{"start":{"line":22,"column":6},"end":{"line":22,"column":null}},"6":{"start":{"line":22,"column":58},"end":{"line":22,"column":74}},"7":{"start":{"line":24,"column":6},"end":{"line":24,"column":null}},"8":{"start":{"line":26,"column":6},"end":{"line":26,"column":null}},"9":{"start":{"line":28,"column":6},"end":{"line":28,"column":null}},"10":{"start":{"line":30,"column":6},"end":{"line":30,"column":null}},"11":{"start":{"line":32,"column":6},"end":{"line":32,"column":null}},"12":{"start":{"line":34,"column":6},"end":{"line":34,"column":null}}},"fnMap":{"0":{"name":"(anonymous_0)","decl":{"start":{"line":1,"column":31},"end":{"line":1,"column":null}},"loc":{"start":{"line":13,"column":13},"end":{"line":36,"column":null}}},"1":{"name":"(anonymous_1)","decl":{"start":{"line":22,"column":50},"end":{"line":22,"column":51}},"loc":{"start":{"line":22,"column":58},"end":{"line":22,"column":74}}}},"branchMap":{"0":{"loc":{"start":{"line":14,"column":2},"end":{"line":35,"column":null}},"type":"switch","locations":[{"start":{"line":15,"column":4},"end":{"line":16,"column":null}},{"start":{"line":17,"column":4},"end":{"line":18,"column":null}},{"start":{"line":19,"column":4},"end":{"line":20,"column":null}},{"start":{"line":21,"column":4},"end":{"line":22,"column":null}},{"start":{"line":23,"column":4},"end":{"line":24,"column":null}},{"start":{"line":25,"column":4},"end":{"line":26,"column":null}},{"start":{"line":27,"column":4},"end":{"line":28,"column":null}},{"start":{"line":29,"column":4},"end":{"line":30,"column":null}},{"start":{"line":31,"column":4},"end":{"line":32,"column":null}},{"start":{"line":33,"column":4},"end":{"line":34,"column":null}}]}},"s":{"0":2,"1":11,"2":1,"3":1,"4":1,"5":1,"6":2,"7":1,"8":1,"9":1,"10":1,"11":1,"12":2},"f":{"0":11,"1":2},"b":{"0":[1,1,1,1,1,1,1,1,1,2]}}
}
